Determining if the pthread_create exist failed with the following output:
Change Dir: /home/karinh/ClionProjects/Transportation/cmake-build-debug/CMakeFiles/CMakeTmp

Run Build Command:"/usr/bin/gmake" "cmTC_6371d/fast"
/usr/bin/gmake -f CMakeFiles/cmTC_6371d.dir/build.make CMakeFiles/cmTC_6371d.dir/build
gmake[1]: Entering directory '/home/karinh/ClionProjects/Transportation/cmake-build-debug/CMakeFiles/CMakeTmp'
Building C object CMakeFiles/cmTC_6371d.dir/CheckSymbolExists.c.o
/usr/bin/cc     -o CMakeFiles/cmTC_6371d.dir/CheckSymbolExists.c.o   -c /home/karinh/ClionProjects/Transportation/cmake-build-debug/CMakeFiles/CMakeTmp/CheckSymbolExists.c
Linking C executable cmTC_6371d
/home/karinh/Documents/clion-2016.3/bin/cmake/bin/cmake -E cmake_link_script CMakeFiles/cmTC_6371d.dir/link.txt --verbose=1
/usr/bin/cc       CMakeFiles/cmTC_6371d.dir/CheckSymbolExists.c.o  -o cmTC_6371d -rdynamic 
CMakeFiles/cmTC_6371d.dir/CheckSymbolExists.c.o: In function `main':
CheckSymbolExists.c:(.text+0x16): undefined reference to `pthread_create'
collect2: error: ld returned 1 exit status
CMakeFiles/cmTC_6371d.dir/build.make:97: recipe for target 'cmTC_6371d' failed
gmake[1]: *** [cmTC_6371d] Error 1
gmake[1]: Leaving directory '/home/karinh/ClionProjects/Transportation/cmake-build-debug/CMakeFiles/CMakeTmp'
Makefile:126: recipe for target 'cmTC_6371d/fast' failed
gmake: *** [cmTC_6371d/fast] Error 2

File /home/karinh/ClionProjects/Transportation/cmake-build-debug/CMakeFiles/CMakeTmp/CheckSymbolExists.c:
/* */
#include <pthread.h>

int main(int argc, char** argv)
{
  (void)argv;
#ifndef pthread_create
  return ((int*)(&pthread_create))[argc];
#else
  (void)argc;
  return 0;
#endif
}

Determining if the function pthread_create exists in the pthreads failed with the following output:
Change Dir: /home/karinh/ClionProjects/Transportation/cmake-build-debug/CMakeFiles/CMakeTmp

Run Build Command:"/usr/bin/gmake" "cmTC_39078/fast"
/usr/bin/gmake -f CMakeFiles/cmTC_39078.dir/build.make CMakeFiles/cmTC_39078.dir/build
gmake[1]: Entering directory '/home/karinh/ClionProjects/Transportation/cmake-build-debug/CMakeFiles/CMakeTmp'
Building C object CMakeFiles/cmTC_39078.dir/CheckFunctionExists.c.o
/usr/bin/cc    -DCHECK_FUNCTION_EXISTS=pthread_create   -o CMakeFiles/cmTC_39078.dir/CheckFunctionExists.c.o   -c /home/karinh/Documents/clion-2016.3/bin/cmake/share/cmake-3.6/Modules/CheckFunctionExists.c
Linking C executable cmTC_39078
/home/karinh/Documents/clion-2016.3/bin/cmake/bin/cmake -E cmake_link_script CMakeFiles/cmTC_39078.dir/link.txt --verbose=1
/usr/bin/cc   -DCHECK_FUNCTION_EXISTS=pthread_create    CMakeFiles/cmTC_39078.dir/CheckFunctionExists.c.o  -o cmTC_39078 -rdynamic -lpthreads 
/usr/bin/ld: cannot find -lpthreads
collect2: error: ld returned 1 exit status
CMakeFiles/cmTC_39078.dir/build.make:97: recipe for target 'cmTC_39078' failed
gmake[1]: *** [cmTC_39078] Error 1
gmake[1]: Leaving directory '/home/karinh/ClionProjects/Transportation/cmake-build-debug/CMakeFiles/CMakeTmp'
Makefile:126: recipe for target 'cmTC_39078/fast' failed
gmake: *** [cmTC_39078/fast] Error 2


